Arguments: 
  C:\Program Files\nodejs\node.exe C:\Users\Thalles Ian\scoop\apps\yarn\current\Yarn\bin\yarn.js

PATH: 
  C:\Users\Thalles Ian\bin;C:\Program Files\Git\mingw64\bin;C:\Program Files\Git\usr\local\bin;C:\Program Files\Git\usr\bin;C:\Program Files\Git\usr\bin;C:\Program Files\Git\mingw64\bin;C:\Program Files\Git\usr\bin;C:\Users\Thalles Ian\bin;C:\Python39\Scripts;C:\Python39;C:\Python310\Scripts;C:\Python310;C:\Program Files (x86)\Common Files\Oracle\Java\javapath;C:\Python27;C:\Python27\Scripts;C:\Program Files (x86)\Intel\Intel(R) Management Engine Components\iCLS;C:\Program Files\Intel\Intel(R) Management Engine Components\iCLS;C:\windows\system32;C:\windows;C:\windows\System32\Wbem;C:\windows\System32\WindowsPowerShell\v1.0;C:\Program Files (x86)\NVIDIA Corporation\PhysX\Common;C:\Program Files (x86)\Intel\Intel(R) Management Engine Components\DAL;C:\Program Files\Intel\Intel(R) Management Engine Components\DAL;C:\Program Files (x86)\Intel\Intel(R) Management Engine Components\IPT;C:\Program Files\Intel\Intel(R) Management Engine Components\IPT;C:\WINDOWS\system32;C:\WINDOWS;C:\WINDOWS\System32\Wbem;C:\WINDOWS\System32\WindowsPowerShell\v1.0;C:\WINDOWS\System32\OpenSSH;C:\ProgramData\chocolatey\bin;C:\Program Files\Microsoft VS Code\bin;C:\Program Files\PostgreSQL\12\bin;C:\Program Files\Java\jdk1.8.0_211\bin;C:\Android\Sdk\emulator;C:\Android\Sdk\tools;C:\Android\Sdk\tools\bin;C:\Android\Sdk\platform-tools;C:\Program Files\Microsoft SQL Server\Client SDK\ODBC\170\Tools\Binn;C:\Program Files (x86)\Microsoft SQL Server\150\Tools\Binn;C:\Program Files\Microsoft SQL Server\150\Tools\Binn;C:\Program Files\Microsoft SQL Server\150\DTS\Binn;C:\Program Files (x86)\Microsoft SQL Server\150\DTS\Binn;C:\Program Files\Azure Data Studio\bin;C:\Users\Thalles Ian\AppData\Roaming\nvm;C:\Program Files\nodejs;C:\Program Files\Git\cmd;C:\Program Files\erl-24.1.7\bin;C:\Program Files (x86)\Elixir\bin;C:\WINDOWS\system32\config\systemprofile\.mix\escripts;C:\Program Files\nodejs;C:\Users\Thalles Ian\scoop\apps\yarn\current\Yarn\bin;C:\Users\Thalles Ian\scoop\apps\yarn\current\global\node_modules\.bin;C:\Users\Thalles Ian\scoop\shims;C:\Users\Thalles Ian\AppData\Local\Programs\Python\Python38-32\Scripts;C:\Users\Thalles Ian\AppData\Local\Programs\Python\Python38-32;C:\Users\Thalles Ian\AppData\Local\Microsoft\WindowsApps;C:\Users\Thalles Ian\AppData\Local\Programs\Microsoft VS Code\bin;C:\Users\Thalles Ian\AppData\Local\GitHubDesktop\bin;C:\Program Files\MongoDB\Server\4.2\bin;C:\Android\Sdk\emulato;.;C:\Android\Sdk\tool;.;C:\Android\Sdk\tools\bi;.;C:\Android\Sdk\platform-tool;.;C:\Program Files\heroku\bin;C:\Program Files\Docker Toolbox;C:\Program Files\Azure Data Studio\bin;C:\Users\Thalles Ian\AppData\Roaming\nvm;C:\Program Files\nodejs;C:\Users\Thalles Ian\AppData\Local\Hyper\app-3.0.2\resources\bin;C:\Users\Thalles Ian\AppData\Local\Programs\Hyper\resources\bin;C:\Users\Thalles Ian\AppData\Roaming\npm;C:\Program Files\Git\usr\bin\vendor_perl;C:\Program Files\Git\usr\bin\core_perl

Yarn version: 
  1.22.4

Node version: 
  14.19.2

Platform: 
  win32 x64

Trace: 
  Error: ENOENT: no such file or directory, scandir 'C:\Users\Thalles Ian\Desktop\clean-react\node_modules\jest-each\node_modules'

npm manifest: 
  {
    "name": "clean-react",
    "version": "1.0.0",
    "description": "NodeJs Rest API using TDD, Clean Architecture and Typescript",
    "author": "Rodrigo Manguinho",
    "license": "GNU GPL3",
    "scripts": {
      "start": "webpack-dev-server --open",
      "test": "jest --passWithNoTests --no-cache --runInBand",
      "test:watch": "npm test -- --watch",
      "test:staged": "npm test -- --findRelatedTests",
      "test:ci": "npm test -- --coverage"
    },
    "devDependencies": {
      "@testing-library/react": "^10.0.4",
      "@types/axios": "^0.14.0",
      "@types/faker": "^4.1.11",
      "@types/jest": "^25.2.1",
      "@types/node": "^13.13.5",
      "@types/react": "^16.9.35",
      "@types/react-dom": "^16.9.8",
      "@types/react-router-dom": "^5.1.5",
      "@typescript-eslint/eslint-plugin": "^2.31.0",
      "clean-webpack-plugin": "^3.0.0",
      "css-loader": "^3.5.3",
      "eslint": "^6.8.0",
      "eslint-config-standard-with-typescript": "^11.0.1",
      "eslint-plugin-import": "^2.20.2",
      "eslint-plugin-node": "^11.1.0",
      "eslint-plugin-promise": "^4.2.1",
      "eslint-plugin-react": "^7.19.0",
      "eslint-plugin-standard": "^4.0.1",
      "faker": "^4.1.0",
      "git-commit-msg-linter": "^2.4.2",
      "husky": "^4.2.5",
      "identity-obj-proxy": "^3.0.0",
      "jest": "^25.5.4",
      "lint-staged": "^10.2.2",
      "node-sass": "^4.14.1",
      "sass-loader": "^8.0.2",
      "style-loader": "^1.2.1",
      "ts-jest": "^25.5.0",
      "ts-loader": "^7.0.4",
      "typescript": "^3.8.3",
      "webpack": "^4.43.0",
      "webpack-cli": "^3.3.11",
      "webpack-dev-server": "^3.11.0"
    },
    "dependencies": {
      "axios": "^0.19.2",
      "react": "^16.13.1",
      "react-dom": "^16.13.1",
      "react-router-dom": "^5.2.0"
    }
  }

yarn manifest: 
  No manifest

Lockfile: 
  No lockfile
